<?xml version="1.0" encoding="UTF-8"?>
<!-- Generated by org.testng.reporters.JUnitXMLReporter -->
<testsuite hostname="Elnuras-MacBook-Air.local" ignored="0" name="Default test" tests="8" failures="0" timestamp="2019-09-07T14:07:32 CDT" time="0.147" errors="0">
  <testcase name="elementsUI" time="0.024" classname="com.elnurainc.SeleniumTest"/>
  <testcase name="webAutomation" time="0.003" classname="com.elnurainc.SeleniumTest"/>
  <testcase name="deleteTwitter" time="0.002" classname="com.elnurainc.RestAPITest_"/>
  <testcase name="postJira" time="0.002" classname="com.elnurainc.RestAPITest_"/>
  <testcase name="deleteTwitter" time="0.001" classname="com.elnurainc.RestAPITest"/>
  <testcase name="postJira" time="0.002" classname="com.elnurainc.RestAPITest"/>
  <testcase name="IOSApp" time="0.004" classname="com.elnurainc.AppiumTest"/>
  <testcase name="nativeAppAndroid" time="0.002" classname="com.elnurainc.AppiumTest"/>
</testsuite> <!-- Default test -->
