<?xml version="1.0" encoding="UTF-8"?>
<!-- Generated by org.testng.reporters.JUnitXMLReporter -->
<testsuite hostname="Elnuras-MacBook-Air.local" ignored="0" name="Test" tests="6" failures="0" timestamp="2019-09-07T14:19:10 CDT" time="0.107" errors="0">
  <testcase name="elementsUI" time="0.017" classname="com.elnurainc.SeleniumTest"/>
  <testcase name="webAutomation" time="0.002" classname="com.elnurainc.SeleniumTest"/>
  <testcase name="deleteTwitter" time="0.002" classname="com.elnurainc.RestAPITest"/>
  <testcase name="postJira" time="0.002" classname="com.elnurainc.RestAPITest"/>
  <testcase name="IOSApp" time="0.002" classname="com.elnurainc.AppiumTest"/>
  <testcase name="nativeAppAndroid" time="0.008" classname="com.elnurainc.AppiumTest"/>
</testsuite> <!-- Test -->
